[2025-12-11 22:05:17] [DEBUG] Request path: /anon/common/system
[2025-12-11 22:05:17] [DEBUG] Matched route: /anon/common/system
[2025-12-11 22:05:17] [DEBUG] Dispatching route: /anon/common/system
[2025-12-11 22:05:36] [DEBUG] Request path: /anon/common/client-ip
[2025-12-11 22:05:36] [DEBUG] Matched route: /anon/common/client-ip
[2025-12-11 22:05:36] [DEBUG] Dispatching route: /anon/common/client-ip
[2025-12-11 22:06:21] [DEBUG] Request path: /anon/common/client-ip
[2025-12-11 22:06:21] [DEBUG] Matched route: /anon/common/client-ip
[2025-12-11 22:06:21] [DEBUG] Dispatching route: /anon/common/client-ip
[2025-12-11 22:06:21] [ERROR] Route execution failed [/anon/common/client-ip]: Unknown named parameter $data in D:\Code\Anon\server\anon\Modules\Config.php on line 77
[2025-12-11 22:06:34] [DEBUG] Request path: /anon/common/client-ip
[2025-12-11 22:06:34] [DEBUG] Matched route: /anon/common/client-ip
[2025-12-11 22:06:34] [DEBUG] Dispatching route: /anon/common/client-ip
[2025-12-11 22:06:49] [DEBUG] Request path: /anon/common/client-ip
[2025-12-11 22:06:49] [DEBUG] Matched route: /anon/common/client-ip
[2025-12-11 22:06:49] [DEBUG] Dispatching route: /anon/common/client-ip
[2025-12-11 22:06:55] [DEBUG] Request path: /anon/common/system
[2025-12-11 22:06:55] [DEBUG] Matched route: /anon/common/system
[2025-12-11 22:06:55] [DEBUG] Dispatching route: /anon/common/system
[2025-12-11 22:09:05] [DEBUG] Request path: /anon/common/system
[2025-12-11 22:09:05] [DEBUG] Matched route: /anon/common/system
[2025-12-11 22:09:05] [DEBUG] Dispatching route: /anon/common/system
[2025-12-11 22:11:45] [DEBUG] Request path: /anon/common/system
[2025-12-11 22:11:45] [DEBUG] Matched route: /anon/common/system
[2025-12-11 22:11:45] [DEBUG] Dispatching route: /anon/common/system
[2025-12-11 22:12:11] [DEBUG] Request path: /anon/common/system
[2025-12-11 22:12:11] [DEBUG] Matched route: /anon/common/system
[2025-12-11 22:12:11] [DEBUG] Dispatching route: /anon/common/system
[2025-12-11 22:19:58] [DEBUG] Request path: /anon/common/system
[2025-12-11 22:19:58] [DEBUG] Matched route: /anon/common/system
[2025-12-11 22:19:58] [DEBUG] Dispatching route: /anon/common/system
[2025-12-11 22:20:00] [DEBUG] Request path: /anon/common/system
[2025-12-11 22:20:00] [DEBUG] Matched route: /anon/common/system
[2025-12-11 22:20:00] [DEBUG] Dispatching route: /anon/common/system
[2025-12-11 22:20:05] [DEBUG] Request path: /anon/login
[2025-12-11 22:20:05] [DEBUG] No route matched for: /anon/login
[2025-12-11 22:20:08] [DEBUG] Request path: /login
[2025-12-11 22:20:08] [DEBUG] No route matched for: /login
[2025-12-11 22:20:22] [DEBUG] Request path: /auth/login
[2025-12-11 22:20:22] [DEBUG] Matched route: /auth/login
[2025-12-11 22:20:22] [DEBUG] Dispatching route: /auth/login
[2025-12-11 22:32:11] [DEBUG] Request path: /auth/check-login
[2025-12-11 22:32:11] [DEBUG] Matched route: /auth/check-login
[2025-12-11 22:32:11] [DEBUG] Dispatching route: /auth/check-login
[2025-12-11 22:32:14] [DEBUG] Request path: /auth/login
[2025-12-11 22:32:14] [DEBUG] Matched route: /auth/login
[2025-12-11 22:32:14] [DEBUG] Dispatching route: /auth/login
[2025-12-11 22:32:21] [DEBUG] Request path: /auth/login
[2025-12-11 22:32:21] [DEBUG] Matched route: /auth/login
[2025-12-11 22:32:21] [DEBUG] Dispatching route: /auth/login
[2025-12-11 22:32:22] [DEBUG] Request path: /user/info
[2025-12-11 22:32:22] [DEBUG] Matched route: /user/info
[2025-12-11 22:32:22] [DEBUG] Dispatching route: /user/info
[2025-12-11 22:32:25] [DEBUG] Request path: /auth/check-login
[2025-12-11 22:32:25] [DEBUG] Matched route: /auth/check-login
[2025-12-11 22:32:25] [DEBUG] Dispatching route: /auth/check-login
[2025-12-11 22:32:43] [DEBUG] Request path: /auth/logout
[2025-12-11 22:32:43] [DEBUG] Matched route: /auth/logout
[2025-12-11 22:32:43] [DEBUG] Dispatching route: /auth/logout
[2025-12-11 22:32:46] [DEBUG] Request path: /auth/login
[2025-12-11 22:32:46] [DEBUG] Matched route: /auth/login
[2025-12-11 22:32:46] [DEBUG] Dispatching route: /auth/login
[2025-12-11 22:33:31] [DEBUG] Request path: /auth/login
[2025-12-11 22:33:31] [DEBUG] Matched route: /auth/login
[2025-12-11 22:33:31] [DEBUG] Dispatching route: /auth/login
